<?xml version="1.0" encoding="UTF-8"?>
<!-- Generated by org.testng.reporters.JUnitReportReporter -->
<testsuite hostname="LAPTOP-KBSQ6PAL" failures="1" tests="1" name="runner.loginrunner" time="26.796" errors="0" timestamp="2025-03-27T22:49:14 IST" skipped="0">
  <testcase classname="runner.loginrunner" name="runScenario" time="26.796">
    <failure message="Test Failed: Invalid formId detected" type="java.lang.AssertionError">
      <![CDATA[java.lang.AssertionError: Test Failed: Invalid formId detected
at com.pages.Home.form_fill(Home.java:259)
at Step_def.Home_stepdef.user_on_form_list_page(Home_stepdef.java:65)
at âœ½.user on form list page(file:///C:/Users/SHUBH/eclipse-workspace/Go_man/./src/test/resources/features/Homepage.feature:8)
]]>
    </failure>
  </testcase> <!-- runScenario -->
  <system-out/>
</testsuite> <!-- runner.loginrunner -->
