<?xml version="1.0" encoding="UTF-8"?>
<!-- Generated by org.testng.reporters.JUnitReportReporter -->
<testsuite hostname="LAPTOP-KBSQ6PAL" failures="0" tests="1" name="runner.loginrunner" time="30.189" errors="1" timestamp="2025-03-31T22:34:57 IST" skipped="0">
  <testcase classname="runner.loginrunner" name="runScenario" time="30.189">
    <error message="JSONObject[&quot;formId&quot;] not found." type="org.json.JSONException">
      <![CDATA[org.json.JSONException: JSONObject["formId"] not found.
at org.json.JSONObject.get(JSONObject.java:572)
at org.json.JSONObject.getInt(JSONObject.java:744)
at com.pages.Home.form_fill(Home.java:302)
at Step_def.Home_stepdef.user_create_a_new_form(Home_stepdef.java:81)
at âœ½.user create a new form(file:///C:/Users/SHUBH/eclipse-workspace/Go_man/./src/test/resources/features/Homepage.feature:9)
]]>
    </error>
  </testcase> <!-- runScenario -->
  <system-out/>
</testsuite> <!-- runner.loginrunner -->
